TN:
SF:server.js
FN:15,(anonymous_0)
FN:33,(anonymous_1)
FN:34,(anonymous_2)
FN:44,(anonymous_3)
FN:46,(anonymous_4)
FN:56,(anonymous_5)
FN:59,(anonymous_6)
FN:69,(anonymous_7)
FN:71,(anonymous_8)
FN:82,(anonymous_9)
FNF:10
FNH:9
FNDA:1,(anonymous_0)
FNDA:4,(anonymous_1)
FNDA:4,(anonymous_2)
FNDA:2,(anonymous_3)
FNDA:2,(anonymous_4)
FNDA:2,(anonymous_5)
FNDA:2,(anonymous_6)
FNDA:2,(anonymous_7)
FNDA:2,(anonymous_8)
FNDA:0,(anonymous_9)
DA:1,1
DA:2,1
DA:3,1
DA:5,1
DA:6,1
DA:8,1
DA:9,1
DA:12,1
DA:15,1
DA:16,1
DA:17,0
DA:19,1
DA:23,1
DA:26,1
DA:33,1
DA:34,4
DA:35,4
DA:36,1
DA:37,1
DA:39,3
DA:44,1
DA:45,2
DA:46,2
DA:47,2
DA:48,1
DA:49,1
DA:51,1
DA:56,1
DA:57,2
DA:58,2
DA:59,2
DA:60,2
DA:61,1
DA:62,1
DA:64,1
DA:69,1
DA:70,2
DA:71,2
DA:72,2
DA:73,1
DA:74,1
DA:76,1
DA:81,1
DA:82,0
DA:83,0
DA:85,0
DA:87,1
LF:47
LH:43
BRDA:6,0,0,1
BRDA:6,0,1,1
BRDA:12,1,0,1
BRDA:12,1,1,0
BRDA:16,2,0,0
BRDA:16,2,1,1
BRDA:35,3,0,1
BRDA:35,3,1,3
BRDA:47,4,0,1
BRDA:47,4,1,1
BRDA:60,5,0,1
BRDA:60,5,1,1
BRDA:72,6,0,1
BRDA:72,6,1,1
BRDA:81,7,0,0
BRDA:81,7,1,1
BRF:16
BRH:13
end_of_record
